ERROR - 2022-07-20 08:38:14 --> Cannot delete or update a parent row: a foreign key constraint fails (`seminarios`.`mae_capacitaciones`, CONSTRAINT `fk_capacitaciones1` FOREIGN KEY (`id_curso`) REFERENCES `cursos` (`id_curso`))
CRITICAL - 2022-07-20 08:38:14 --> Cannot delete or update a parent row: a foreign key constraint fails (`seminarios`.`mae_capacitaciones`, CONSTRAINT `fk_capacitaciones1` FOREIGN KEY (`id_curso`) REFERENCES `cursos` (`id_curso`))
in SYSTEMPATH\Database\MySQLi\Connection.php on line 292.
 1 SYSTEMPATH\Database\MySQLi\Connection.php(292): mysqli->query('DELETE FROM `cursos`
WHERE `id_curso` IN (\'2\')', 0)
 2 SYSTEMPATH\Database\BaseConnection.php(695): CodeIgniter\Database\MySQLi\Connection->execute('DELETE FROM `cursos`
WHERE `id_curso` IN (\'2\')')
 3 SYSTEMPATH\Database\BaseConnection.php(609): CodeIgniter\Database\BaseConnection->simpleQuery('DELETE FROM `cursos`
WHERE `id_curso` IN (\'2\')')
 4 SYSTEMPATH\Database\BaseBuilder.php(2358): CodeIgniter\Database\BaseConnection->query('DELETE FROM `cursos`
WHERE `id_curso` IN :id_curso:', [...], false)
 5 SYSTEMPATH\Model.php(400): CodeIgniter\Database\BaseBuilder->delete()
 6 SYSTEMPATH\BaseModel.php(963): CodeIgniter\Model->doDelete([...], false)
 7 APPPATH\Controllers\Seminarios\CursosController.php(114): CodeIgniter\BaseModel->delete([...])
 8 SYSTEMPATH\CodeIgniter.php(896): App\Controllers\Seminarios\CursosController->delete('2')
 9 SYSTEMPATH\CodeIgniter.php(466): CodeIgniter\CodeIgniter->runController(Object(App\Controllers\Seminarios\CursosController))
10 SYSTEMPATH\CodeIgniter.php(349): CodeIgniter\CodeIgniter->handleRequest(null, Object(Config\Cache), false)
11 FCPATH\index.php(55): CodeIgniter\CodeIgniter->run()
ERROR - 2022-07-20 10:52:33 --> Cannot delete or update a parent row: a foreign key constraint fails (`seminarios`.`det_capacitaciones`, CONSTRAINT `fk_capacitaciones2` FOREIGN KEY (`id_participante`) REFERENCES `participantes` (`id_participante`))
CRITICAL - 2022-07-20 10:52:33 --> Cannot delete or update a parent row: a foreign key constraint fails (`seminarios`.`det_capacitaciones`, CONSTRAINT `fk_capacitaciones2` FOREIGN KEY (`id_participante`) REFERENCES `participantes` (`id_participante`))
in SYSTEMPATH\Database\MySQLi\Connection.php on line 292.
 1 SYSTEMPATH\Database\MySQLi\Connection.php(292): mysqli->query('DELETE FROM `participantes`
WHERE `id_participante` IN (\'10\')', 0)
 2 SYSTEMPATH\Database\BaseConnection.php(695): CodeIgniter\Database\MySQLi\Connection->execute('DELETE FROM `participantes`
WHERE `id_participante` IN (\'10\')')
 3 SYSTEMPATH\Database\BaseConnection.php(609): CodeIgniter\Database\BaseConnection->simpleQuery('DELETE FROM `participantes`
WHERE `id_participante` IN (\'10\')')
 4 SYSTEMPATH\Database\BaseBuilder.php(2358): CodeIgniter\Database\BaseConnection->query('DELETE FROM `participantes`
WHERE `id_participante` IN :id_participante:', [...], false)
 5 SYSTEMPATH\Model.php(400): CodeIgniter\Database\BaseBuilder->delete()
 6 SYSTEMPATH\BaseModel.php(963): CodeIgniter\Model->doDelete([...], false)
 7 APPPATH\Controllers\Seminarios\ParticipantesController.php(123): CodeIgniter\BaseModel->delete([...])
 8 SYSTEMPATH\CodeIgniter.php(896): App\Controllers\Seminarios\ParticipantesController->delete('10')
 9 SYSTEMPATH\CodeIgniter.php(466): CodeIgniter\CodeIgniter->runController(Object(App\Controllers\Seminarios\ParticipantesController))
10 SYSTEMPATH\CodeIgniter.php(349): CodeIgniter\CodeIgniter->handleRequest(null, Object(Config\Cache), false)
11 FCPATH\index.php(55): CodeIgniter\CodeIgniter->run()
ERROR - 2022-07-20 11:00:31 --> Unknown column 'participante.id_participante' in 'on clause'
CRITICAL - 2022-07-20 11:00:31 --> Unknown column 'participante.id_participante' in 'on clause'
in SYSTEMPATH\Database\MySQLi\Connection.php on line 292.
 1 SYSTEMPATH\Database\MySQLi\Connection.php(292): mysqli->query('SELECT COUNT(*) AS `numrows`
FROM (
SELECT `participantes`.*, ifnull(count(d.id_det_capacitacion), 0) as cantidad
FROM `participantes`
JOIN `det_capacitaciones` `d` ON `participante`.`id_participante` = `d`.`id_participante`
GROUP BY `participantes`.`id_participante`, `d`.`id_det_capacitacion`
) CI_count_all_results', 0)
 2 SYSTEMPATH\Database\BaseConnection.php(695): CodeIgniter\Database\MySQLi\Connection->execute('SELECT COUNT(*) AS `numrows`
FROM (
SELECT `participantes`.*, ifnull(count(d.id_det_capacitacion), 0) as cantidad
FROM `participantes`
JOIN `det_capacitaciones` `d` ON `participante`.`id_participante` = `d`.`id_participante`
GROUP BY `participantes`.`id_participante`, `d`.`id_det_capacitacion`
) CI_count_all_results')
 3 SYSTEMPATH\Database\BaseConnection.php(609): CodeIgniter\Database\BaseConnection->simpleQuery('SELECT COUNT(*) AS `numrows`
FROM (
SELECT `participantes`.*, ifnull(count(d.id_det_capacitacion), 0) as cantidad
FROM `participantes`
JOIN `det_capacitaciones` `d` ON `participante`.`id_participante` = `d`.`id_participante`
GROUP BY `participantes`.`id_participante`, `d`.`id_det_capacitacion`
) CI_count_all_results')
 4 SYSTEMPATH\Database\BaseBuilder.php(1669): CodeIgniter\Database\BaseConnection->query('SELECT COUNT(*) AS `numrows`
FROM (
SELECT `participantes`.*, ifnull(count(d.id_det_capacitacion), 0) as cantidad
FROM `participantes`
JOIN `det_capacitaciones` `d` ON `participante`.`id_participante` = `d`.`id_participante`
GROUP BY `participantes`.`id_participante`, `d`.`id_det_capacitacion`
) CI_count_all_results', [], false)
 5 SYSTEMPATH\Model.php(550): CodeIgniter\Database\BaseBuilder->countAllResults(false)
 6 SYSTEMPATH\BaseModel.php(1084): CodeIgniter\Model->countAllResults(false)
 7 APPPATH\Controllers\Seminarios\ParticipantesController.php(25): CodeIgniter\BaseModel->paginate(5)
 8 SYSTEMPATH\CodeIgniter.php(896): App\Controllers\Seminarios\ParticipantesController->index()
 9 SYSTEMPATH\CodeIgniter.php(466): CodeIgniter\CodeIgniter->runController(Object(App\Controllers\Seminarios\ParticipantesController))
10 SYSTEMPATH\CodeIgniter.php(349): CodeIgniter\CodeIgniter->handleRequest(null, Object(Config\Cache), false)
11 FCPATH\index.php(55): CodeIgniter\CodeIgniter->run()
ERROR - 2022-07-20 11:09:41 --> Cannot delete or update a parent row: a foreign key constraint fails (`seminarios`.`det_capacitaciones`, CONSTRAINT `fk_capacitaciones2` FOREIGN KEY (`id_participante`) REFERENCES `participantes` (`id_participante`))
CRITICAL - 2022-07-20 11:09:41 --> Cannot delete or update a parent row: a foreign key constraint fails (`seminarios`.`det_capacitaciones`, CONSTRAINT `fk_capacitaciones2` FOREIGN KEY (`id_participante`) REFERENCES `participantes` (`id_participante`))
in SYSTEMPATH\Database\MySQLi\Connection.php on line 292.
 1 SYSTEMPATH\Database\MySQLi\Connection.php(292): mysqli->query('DELETE FROM `participantes`
WHERE `id_participante` IN (\'10\')', 0)
 2 SYSTEMPATH\Database\BaseConnection.php(695): CodeIgniter\Database\MySQLi\Connection->execute('DELETE FROM `participantes`
WHERE `id_participante` IN (\'10\')')
 3 SYSTEMPATH\Database\BaseConnection.php(609): CodeIgniter\Database\BaseConnection->simpleQuery('DELETE FROM `participantes`
WHERE `id_participante` IN (\'10\')')
 4 SYSTEMPATH\Database\BaseBuilder.php(2358): CodeIgniter\Database\BaseConnection->query('DELETE FROM `participantes`
WHERE `id_participante` IN :id_participante:', [...], false)
 5 SYSTEMPATH\Model.php(400): CodeIgniter\Database\BaseBuilder->delete()
 6 SYSTEMPATH\BaseModel.php(963): CodeIgniter\Model->doDelete([...], false)
 7 APPPATH\Controllers\Seminarios\ParticipantesController.php(126): CodeIgniter\BaseModel->delete([...])
 8 SYSTEMPATH\CodeIgniter.php(896): App\Controllers\Seminarios\ParticipantesController->delete('10')
 9 SYSTEMPATH\CodeIgniter.php(466): CodeIgniter\CodeIgniter->runController(Object(App\Controllers\Seminarios\ParticipantesController))
10 SYSTEMPATH\CodeIgniter.php(349): CodeIgniter\CodeIgniter->handleRequest(null, Object(Config\Cache), false)
11 FCPATH\index.php(55): CodeIgniter\CodeIgniter->run()
ERROR - 2022-07-20 11:22:03 --> Cannot delete or update a parent row: a foreign key constraint fails (`seminarios`.`det_capacitaciones`, CONSTRAINT `fk_capacitaciones2` FOREIGN KEY (`id_participante`) REFERENCES `participantes` (`id_participante`))
CRITICAL - 2022-07-20 11:22:03 --> Cannot delete or update a parent row: a foreign key constraint fails (`seminarios`.`det_capacitaciones`, CONSTRAINT `fk_capacitaciones2` FOREIGN KEY (`id_participante`) REFERENCES `participantes` (`id_participante`))
in SYSTEMPATH\Database\MySQLi\Connection.php on line 292.
 1 SYSTEMPATH\Database\MySQLi\Connection.php(292): mysqli->query('DELETE FROM `participantes`
WHERE `id_participante` IN (\'10\')', 0)
 2 SYSTEMPATH\Database\BaseConnection.php(695): CodeIgniter\Database\MySQLi\Connection->execute('DELETE FROM `participantes`
WHERE `id_participante` IN (\'10\')')
 3 SYSTEMPATH\Database\BaseConnection.php(609): CodeIgniter\Database\BaseConnection->simpleQuery('DELETE FROM `participantes`
WHERE `id_participante` IN (\'10\')')
 4 SYSTEMPATH\Database\BaseBuilder.php(2358): CodeIgniter\Database\BaseConnection->query('DELETE FROM `participantes`
WHERE `id_participante` IN :id_participante:', [...], false)
 5 SYSTEMPATH\Model.php(400): CodeIgniter\Database\BaseBuilder->delete()
 6 SYSTEMPATH\BaseModel.php(963): CodeIgniter\Model->doDelete([...], false)
 7 APPPATH\Controllers\Seminarios\ParticipantesController.php(126): CodeIgniter\BaseModel->delete([...])
 8 SYSTEMPATH\CodeIgniter.php(896): App\Controllers\Seminarios\ParticipantesController->delete('10')
 9 SYSTEMPATH\CodeIgniter.php(466): CodeIgniter\CodeIgniter->runController(Object(App\Controllers\Seminarios\ParticipantesController))
10 SYSTEMPATH\CodeIgniter.php(349): CodeIgniter\CodeIgniter->handleRequest(null, Object(Config\Cache), false)
11 FCPATH\index.php(55): CodeIgniter\CodeIgniter->run()
