CRITICAL - 2022-07-15 07:56:17 --> Undefined variable $title
in APPPATH\Views\base.php on line 18.
 1 APPPATH\Views\base.php(18): CodeIgniter\Debug\Exceptions->errorHandler(2, 'Undefined variable $title', 'APPPATH\\Views\\base.php', 18)
 2 SYSTEMPATH\View\View.php(213): include('APPPATH\\Views\\base.php')
 3 SYSTEMPATH\View\View.php(216): CodeIgniter\View\View->CodeIgniter\View\{closure}()
 4 SYSTEMPATH\Common.php(1135): CodeIgniter\View\View->render('base', [], true)
 5 APPPATH\Libraries\Templater.php(32): view('base', [...])
 6 APPPATH\Controllers\PrincipalController.php(9): App\Libraries\Templater->view('principal', [...])
 7 SYSTEMPATH\CodeIgniter.php(896): App\Controllers\PrincipalController->index()
 8 SYSTEMPATH\CodeIgniter.php(466): CodeIgniter\CodeIgniter->runController(Object(App\Controllers\PrincipalController))
 9 SYSTEMPATH\CodeIgniter.php(349): CodeIgniter\CodeIgniter->handleRequest(null, Object(Config\Cache), false)
10 FCPATH\index.php(55): CodeIgniter\CodeIgniter->run()
CRITICAL - 2022-07-15 08:02:13 --> Undefined variable $title
in APPPATH\Views\base.php on line 18.
 1 APPPATH\Views\base.php(18): CodeIgniter\Debug\Exceptions->errorHandler(2, 'Undefined variable $title', 'APPPATH\\Views\\base.php', 18)
 2 SYSTEMPATH\View\View.php(213): include('APPPATH\\Views\\base.php')
 3 SYSTEMPATH\View\View.php(216): CodeIgniter\View\View->CodeIgniter\View\{closure}()
 4 SYSTEMPATH\Common.php(1135): CodeIgniter\View\View->render('base', [], true)
 5 APPPATH\Libraries\Templater.php(32): view('base', [...])
 6 APPPATH\Controllers\PrincipalController.php(9): App\Libraries\Templater->view('principal', [...])
 7 SYSTEMPATH\CodeIgniter.php(896): App\Controllers\PrincipalController->index()
 8 SYSTEMPATH\CodeIgniter.php(466): CodeIgniter\CodeIgniter->runController(Object(App\Controllers\PrincipalController))
 9 SYSTEMPATH\CodeIgniter.php(349): CodeIgniter\CodeIgniter->handleRequest(null, Object(Config\Cache), false)
10 FCPATH\index.php(55): CodeIgniter\CodeIgniter->run()
CRITICAL - 2022-07-15 08:06:08 --> Undefined variable $title
in APPPATH\Views\base.php on line 18.
 1 APPPATH\Views\base.php(18): CodeIgniter\Debug\Exceptions->errorHandler(2, 'Undefined variable $title', 'APPPATH\\Views\\base.php', 18)
 2 SYSTEMPATH\View\View.php(213): include('APPPATH\\Views\\base.php')
 3 SYSTEMPATH\View\View.php(216): CodeIgniter\View\View->CodeIgniter\View\{closure}()
 4 SYSTEMPATH\Common.php(1135): CodeIgniter\View\View->render('base', [], true)
 5 APPPATH\Libraries\Templater.php(32): view('base', [...])
 6 APPPATH\Controllers\PrincipalController.php(9): App\Libraries\Templater->view('principal', [...])
 7 SYSTEMPATH\CodeIgniter.php(896): App\Controllers\PrincipalController->index()
 8 SYSTEMPATH\CodeIgniter.php(466): CodeIgniter\CodeIgniter->runController(Object(App\Controllers\PrincipalController))
 9 SYSTEMPATH\CodeIgniter.php(349): CodeIgniter\CodeIgniter->handleRequest(null, Object(Config\Cache), false)
10 FCPATH\index.php(55): CodeIgniter\CodeIgniter->run()
CRITICAL - 2022-07-15 08:06:08 --> Undefined variable $title
in APPPATH\Views\base.php on line 18.
 1 APPPATH\Views\base.php(18): CodeIgniter\Debug\Exceptions->errorHandler(2, 'Undefined variable $title', 'APPPATH\\Views\\base.php', 18)
 2 SYSTEMPATH\View\View.php(213): include('APPPATH\\Views\\base.php')
 3 SYSTEMPATH\View\View.php(216): CodeIgniter\View\View->CodeIgniter\View\{closure}()
 4 SYSTEMPATH\Common.php(1135): CodeIgniter\View\View->render('base', [], true)
 5 APPPATH\Libraries\Templater.php(32): view('base', [...])
 6 APPPATH\Controllers\PrincipalController.php(9): App\Libraries\Templater->view('principal', [...])
 7 SYSTEMPATH\CodeIgniter.php(896): App\Controllers\PrincipalController->index()
 8 SYSTEMPATH\CodeIgniter.php(466): CodeIgniter\CodeIgniter->runController(Object(App\Controllers\PrincipalController))
 9 SYSTEMPATH\CodeIgniter.php(349): CodeIgniter\CodeIgniter->handleRequest(null, Object(Config\Cache), false)
10 FCPATH\index.php(55): CodeIgniter\CodeIgniter->run()
CRITICAL - 2022-07-15 08:11:52 --> Invalid file: ./_form.php
in SYSTEMPATH\Exceptions\FrameworkException.php on line 33.
 1 SYSTEMPATH\View\View.php(201): CodeIgniter\Exceptions\FrameworkException::forInvalidFile('./_form.php')
 2 SYSTEMPATH\Common.php(1135): CodeIgniter\View\View->render('./_form', [], true)
 3 APPPATH\Views\dashboard\facilitador\new.php(2): view('./_form')
 4 SYSTEMPATH\View\View.php(213): include('APPPATH\\Views\\dashboard\\facilitador\\new.php')
 5 SYSTEMPATH\View\View.php(216): CodeIgniter\View\View->CodeIgniter\View\{closure}()
 6 SYSTEMPATH\Common.php(1135): CodeIgniter\View\View->render('dashboard/facilitador/new', [], true)
 7 APPPATH\Libraries\Templater.php(30): view('dashboard/facilitador/new', [...])
 8 APPPATH\Controllers\Seminarios\FacilitadoresController.php(22): App\Libraries\Templater->view('facilitador/new', [...])
 9 SYSTEMPATH\CodeIgniter.php(896): App\Controllers\Seminarios\FacilitadoresController->new()
10 SYSTEMPATH\CodeIgniter.php(466): CodeIgniter\CodeIgniter->runController(Object(App\Controllers\Seminarios\FacilitadoresController))
11 SYSTEMPATH\CodeIgniter.php(349): CodeIgniter\CodeIgniter->handleRequest(null, Object(Config\Cache), false)
12 FCPATH\index.php(55): CodeIgniter\CodeIgniter->run()
CRITICAL - 2022-07-15 09:20:50 --> Allowed fields must be specified for model: App\Models\FacilitadorModel
in SYSTEMPATH\BaseModel.php on line 1138.
 1 SYSTEMPATH\BaseModel.php(1138): CodeIgniter\Database\Exceptions\DataException::forInvalidAllowedFields('App\\Models\\FacilitadorModel')
 2 SYSTEMPATH\BaseModel.php(713): CodeIgniter\BaseModel->doProtectFields([...])
 3 SYSTEMPATH\Model.php(666): CodeIgniter\BaseModel->insert([...], true)
 4 APPPATH\Controllers\Seminarios\FacilitadoresController.php(29): CodeIgniter\Model->insert([...])
 5 SYSTEMPATH\CodeIgniter.php(896): App\Controllers\Seminarios\FacilitadoresController->create()
 6 SYSTEMPATH\CodeIgniter.php(466): CodeIgniter\CodeIgniter->runController(Object(App\Controllers\Seminarios\FacilitadoresController))
 7 SYSTEMPATH\CodeIgniter.php(349): CodeIgniter\CodeIgniter->handleRequest(null, Object(Config\Cache), false)
 8 FCPATH\index.php(55): CodeIgniter\CodeIgniter->run()
ERROR - 2022-07-15 09:21:21 --> CONSTRAINT `ck_genero` failed for `seminarios`.`facilitadores`
CRITICAL - 2022-07-15 09:21:21 --> CONSTRAINT `ck_genero` failed for `seminarios`.`facilitadores`
in SYSTEMPATH\Database\MySQLi\Connection.php on line 292.
 1 SYSTEMPATH\Database\MySQLi\Connection.php(292): mysqli->query('INSERT INTO `facilitadores` (`ci`, `genero`) VALUES (\'123\', \'Seleccione...\')', 0)
 2 SYSTEMPATH\Database\BaseConnection.php(695): CodeIgniter\Database\MySQLi\Connection->execute('INSERT INTO `facilitadores` (`ci`, `genero`) VALUES (\'123\', \'Seleccione...\')')
 3 SYSTEMPATH\Database\BaseConnection.php(609): CodeIgniter\Database\BaseConnection->simpleQuery('INSERT INTO `facilitadores` (`ci`, `genero`) VALUES (\'123\', \'Seleccione...\')')
 4 SYSTEMPATH\Database\BaseBuilder.php(1904): CodeIgniter\Database\BaseConnection->query('INSERT INTO `facilitadores` (`ci`, `genero`) VALUES (:ci:, :genero:)', [...], false)
 5 SYSTEMPATH\Model.php(278): CodeIgniter\Database\BaseBuilder->insert()
 6 SYSTEMPATH\BaseModel.php(738): CodeIgniter\Model->doInsert([...])
 7 SYSTEMPATH\Model.php(666): CodeIgniter\BaseModel->insert([...], true)
 8 APPPATH\Controllers\Seminarios\FacilitadoresController.php(29): CodeIgniter\Model->insert([...])
 9 SYSTEMPATH\CodeIgniter.php(896): App\Controllers\Seminarios\FacilitadoresController->create()
10 SYSTEMPATH\CodeIgniter.php(466): CodeIgniter\CodeIgniter->runController(Object(App\Controllers\Seminarios\FacilitadoresController))
11 SYSTEMPATH\CodeIgniter.php(349): CodeIgniter\CodeIgniter->handleRequest(null, Object(Config\Cache), false)
12 FCPATH\index.php(55): CodeIgniter\CodeIgniter->run()
ERROR - 2022-07-15 09:26:36 --> Duplicate entry '123' for key 'unik_ci'
CRITICAL - 2022-07-15 09:26:36 --> Duplicate entry '123' for key 'unik_ci'
in SYSTEMPATH\Database\MySQLi\Connection.php on line 292.
 1 SYSTEMPATH\Database\MySQLi\Connection.php(292): mysqli->query('INSERT INTO `facilitadores` (`id_facilitador`, `ci`, `nombres`, `paterno`, `materno`, `genero`, `celular`, `correo`) VALUES (\'123\', \'123\', \'qwer\', \'qwer\', \'qwer\', \'M\', \'qwer\', \'qwer\')', 0)
 2 SYSTEMPATH\Database\BaseConnection.php(695): CodeIgniter\Database\MySQLi\Connection->execute('INSERT INTO `facilitadores` (`id_facilitador`, `ci`, `nombres`, `paterno`, `materno`, `genero`, `celular`, `correo`) VALUES (\'123\', \'123\', \'qwer\', \'qwer\', \'qwer\', \'M\', \'qwer\', \'qwer\')')
 3 SYSTEMPATH\Database\BaseConnection.php(609): CodeIgniter\Database\BaseConnection->simpleQuery('INSERT INTO `facilitadores` (`id_facilitador`, `ci`, `nombres`, `paterno`, `materno`, `genero`, `celular`, `correo`) VALUES (\'123\', \'123\', \'qwer\', \'qwer\', \'qwer\', \'M\', \'qwer\', \'qwer\')')
 4 SYSTEMPATH\Database\BaseBuilder.php(1904): CodeIgniter\Database\BaseConnection->query('INSERT INTO `facilitadores` (`id_facilitador`, `ci`, `nombres`, `paterno`, `materno`, `genero`, `celular`, `correo`) VALUES (:id_facilitador:, :ci:, :nombres:, :paterno:, :materno:, :genero:, :celular:, :correo:)', [...], false)
 5 SYSTEMPATH\Model.php(278): CodeIgniter\Database\BaseBuilder->insert()
 6 SYSTEMPATH\BaseModel.php(738): CodeIgniter\Model->doInsert([...])
 7 SYSTEMPATH\Model.php(666): CodeIgniter\BaseModel->insert([...], true)
 8 APPPATH\Controllers\Seminarios\FacilitadoresController.php(36): CodeIgniter\Model->insert([...])
 9 SYSTEMPATH\CodeIgniter.php(896): App\Controllers\Seminarios\FacilitadoresController->create()
10 SYSTEMPATH\CodeIgniter.php(466): CodeIgniter\CodeIgniter->runController(Object(App\Controllers\Seminarios\FacilitadoresController))
11 SYSTEMPATH\CodeIgniter.php(349): CodeIgniter\CodeIgniter->handleRequest(null, Object(Config\Cache), false)
12 FCPATH\index.php(55): CodeIgniter\CodeIgniter->run()
ERROR - 2022-07-15 09:29:52 --> Duplicate entry '1' for key 'PRIMARY'
CRITICAL - 2022-07-15 09:29:52 --> Duplicate entry '1' for key 'PRIMARY'
in SYSTEMPATH\Database\MySQLi\Connection.php on line 292.
 1 SYSTEMPATH\Database\MySQLi\Connection.php(292): mysqli->query('INSERT INTO `facilitadores` (`id_facilitador`, `ci`, `nombres`, `paterno`, `materno`, `genero`, `celular`, `correo`) VALUES (\'1\', \'1\', \'1\', \'1\', \'1\', \'F\', \'1\', \'1\')', 0)
 2 SYSTEMPATH\Database\BaseConnection.php(695): CodeIgniter\Database\MySQLi\Connection->execute('INSERT INTO `facilitadores` (`id_facilitador`, `ci`, `nombres`, `paterno`, `materno`, `genero`, `celular`, `correo`) VALUES (\'1\', \'1\', \'1\', \'1\', \'1\', \'F\', \'1\', \'1\')')
 3 SYSTEMPATH\Database\BaseConnection.php(609): CodeIgniter\Database\BaseConnection->simpleQuery('INSERT INTO `facilitadores` (`id_facilitador`, `ci`, `nombres`, `paterno`, `materno`, `genero`, `celular`, `correo`) VALUES (\'1\', \'1\', \'1\', \'1\', \'1\', \'F\', \'1\', \'1\')')
 4 SYSTEMPATH\Database\BaseBuilder.php(1904): CodeIgniter\Database\BaseConnection->query('INSERT INTO `facilitadores` (`id_facilitador`, `ci`, `nombres`, `paterno`, `materno`, `genero`, `celular`, `correo`) VALUES (:id_facilitador:, :ci:, :nombres:, :paterno:, :materno:, :genero:, :celular:, :correo:)', [...], false)
 5 SYSTEMPATH\Model.php(278): CodeIgniter\Database\BaseBuilder->insert()
 6 SYSTEMPATH\BaseModel.php(738): CodeIgniter\Model->doInsert([...])
 7 SYSTEMPATH\Model.php(666): CodeIgniter\BaseModel->insert([...], true)
 8 APPPATH\Controllers\Seminarios\FacilitadoresController.php(36): CodeIgniter\Model->insert([...])
 9 SYSTEMPATH\CodeIgniter.php(896): App\Controllers\Seminarios\FacilitadoresController->create()
10 SYSTEMPATH\CodeIgniter.php(466): CodeIgniter\CodeIgniter->runController(Object(App\Controllers\Seminarios\FacilitadoresController))
11 SYSTEMPATH\CodeIgniter.php(349): CodeIgniter\CodeIgniter->handleRequest(null, Object(Config\Cache), false)
12 FCPATH\index.php(55): CodeIgniter\CodeIgniter->run()
CRITICAL - 2022-07-15 09:30:10 -->  route cannot be found while reverse-routing.
in SYSTEMPATH\HTTP\RedirectResponse.php on line 56.
 1 SYSTEMPATH\HTTP\RedirectResponse.php(56): CodeIgniter\HTTP\Exceptions\HTTPException::forInvalidRedirectRoute('ROOTPATH\\public')
 2 APPPATH\Controllers\Seminarios\FacilitadoresController.php(38): CodeIgniter\HTTP\RedirectResponse->route(false)
 3 SYSTEMPATH\CodeIgniter.php(896): App\Controllers\Seminarios\FacilitadoresController->create()
 4 SYSTEMPATH\CodeIgniter.php(466): CodeIgniter\CodeIgniter->runController(Object(App\Controllers\Seminarios\FacilitadoresController))
 5 SYSTEMPATH\CodeIgniter.php(349): CodeIgniter\CodeIgniter->handleRequest(null, Object(Config\Cache), false)
 6 FCPATH\index.php(55): CodeIgniter\CodeIgniter->run()
ERROR - 2022-07-15 09:30:26 --> Duplicate entry '1111111' for key 'PRIMARY'
CRITICAL - 2022-07-15 09:30:26 --> Duplicate entry '1111111' for key 'PRIMARY'
in SYSTEMPATH\Database\MySQLi\Connection.php on line 292.
 1 SYSTEMPATH\Database\MySQLi\Connection.php(292): mysqli->query('INSERT INTO `facilitadores` (`id_facilitador`, `ci`, `nombres`, `paterno`, `materno`, `genero`, `celular`, `correo`) VALUES (\'1111111\', \'1111111\', \'1\', \'1\', \'1\', \'F\', \'1\', \'1\')', 0)
 2 SYSTEMPATH\Database\BaseConnection.php(695): CodeIgniter\Database\MySQLi\Connection->execute('INSERT INTO `facilitadores` (`id_facilitador`, `ci`, `nombres`, `paterno`, `materno`, `genero`, `celular`, `correo`) VALUES (\'1111111\', \'1111111\', \'1\', \'1\', \'1\', \'F\', \'1\', \'1\')')
 3 SYSTEMPATH\Database\BaseConnection.php(609): CodeIgniter\Database\BaseConnection->simpleQuery('INSERT INTO `facilitadores` (`id_facilitador`, `ci`, `nombres`, `paterno`, `materno`, `genero`, `celular`, `correo`) VALUES (\'1111111\', \'1111111\', \'1\', \'1\', \'1\', \'F\', \'1\', \'1\')')
 4 SYSTEMPATH\Database\BaseBuilder.php(1904): CodeIgniter\Database\BaseConnection->query('INSERT INTO `facilitadores` (`id_facilitador`, `ci`, `nombres`, `paterno`, `materno`, `genero`, `celular`, `correo`) VALUES (:id_facilitador:, :ci:, :nombres:, :paterno:, :materno:, :genero:, :celular:, :correo:)', [...], false)
 5 SYSTEMPATH\Model.php(278): CodeIgniter\Database\BaseBuilder->insert()
 6 SYSTEMPATH\BaseModel.php(738): CodeIgniter\Model->doInsert([...])
 7 SYSTEMPATH\Model.php(666): CodeIgniter\BaseModel->insert([...], true)
 8 APPPATH\Controllers\Seminarios\FacilitadoresController.php(36): CodeIgniter\Model->insert([...])
 9 SYSTEMPATH\CodeIgniter.php(896): App\Controllers\Seminarios\FacilitadoresController->create()
10 SYSTEMPATH\CodeIgniter.php(466): CodeIgniter\CodeIgniter->runController(Object(App\Controllers\Seminarios\FacilitadoresController))
11 SYSTEMPATH\CodeIgniter.php(349): CodeIgniter\CodeIgniter->handleRequest(null, Object(Config\Cache), false)
12 FCPATH\index.php(55): CodeIgniter\CodeIgniter->run()
ERROR - 2022-07-15 09:30:26 --> Duplicate entry '1111111' for key 'PRIMARY'
CRITICAL - 2022-07-15 09:30:26 --> Duplicate entry '1111111' for key 'PRIMARY'
in SYSTEMPATH\Database\MySQLi\Connection.php on line 292.
 1 SYSTEMPATH\Database\MySQLi\Connection.php(292): mysqli->query('INSERT INTO `facilitadores` (`id_facilitador`, `ci`, `nombres`, `paterno`, `materno`, `genero`, `celular`, `correo`) VALUES (\'1111111\', \'1111111\', \'1\', \'1\', \'1\', \'F\', \'1\', \'1\')', 0)
 2 SYSTEMPATH\Database\BaseConnection.php(695): CodeIgniter\Database\MySQLi\Connection->execute('INSERT INTO `facilitadores` (`id_facilitador`, `ci`, `nombres`, `paterno`, `materno`, `genero`, `celular`, `correo`) VALUES (\'1111111\', \'1111111\', \'1\', \'1\', \'1\', \'F\', \'1\', \'1\')')
 3 SYSTEMPATH\Database\BaseConnection.php(609): CodeIgniter\Database\BaseConnection->simpleQuery('INSERT INTO `facilitadores` (`id_facilitador`, `ci`, `nombres`, `paterno`, `materno`, `genero`, `celular`, `correo`) VALUES (\'1111111\', \'1111111\', \'1\', \'1\', \'1\', \'F\', \'1\', \'1\')')
 4 SYSTEMPATH\Database\BaseBuilder.php(1904): CodeIgniter\Database\BaseConnection->query('INSERT INTO `facilitadores` (`id_facilitador`, `ci`, `nombres`, `paterno`, `materno`, `genero`, `celular`, `correo`) VALUES (:id_facilitador:, :ci:, :nombres:, :paterno:, :materno:, :genero:, :celular:, :correo:)', [...], false)
 5 SYSTEMPATH\Model.php(278): CodeIgniter\Database\BaseBuilder->insert()
 6 SYSTEMPATH\BaseModel.php(738): CodeIgniter\Model->doInsert([...])
 7 SYSTEMPATH\Model.php(666): CodeIgniter\BaseModel->insert([...], true)
 8 APPPATH\Controllers\Seminarios\FacilitadoresController.php(36): CodeIgniter\Model->insert([...])
 9 SYSTEMPATH\CodeIgniter.php(896): App\Controllers\Seminarios\FacilitadoresController->create()
10 SYSTEMPATH\CodeIgniter.php(466): CodeIgniter\CodeIgniter->runController(Object(App\Controllers\Seminarios\FacilitadoresController))
11 SYSTEMPATH\CodeIgniter.php(349): CodeIgniter\CodeIgniter->handleRequest(null, Object(Config\Cache), false)
12 FCPATH\index.php(55): CodeIgniter\CodeIgniter->run()
ERROR - 2022-07-15 09:30:27 --> Duplicate entry '1111111' for key 'PRIMARY'
CRITICAL - 2022-07-15 09:30:27 --> Duplicate entry '1111111' for key 'PRIMARY'
in SYSTEMPATH\Database\MySQLi\Connection.php on line 292.
 1 SYSTEMPATH\Database\MySQLi\Connection.php(292): mysqli->query('INSERT INTO `facilitadores` (`id_facilitador`, `ci`, `nombres`, `paterno`, `materno`, `genero`, `celular`, `correo`) VALUES (\'1111111\', \'1111111\', \'1\', \'1\', \'1\', \'F\', \'1\', \'1\')', 0)
 2 SYSTEMPATH\Database\BaseConnection.php(695): CodeIgniter\Database\MySQLi\Connection->execute('INSERT INTO `facilitadores` (`id_facilitador`, `ci`, `nombres`, `paterno`, `materno`, `genero`, `celular`, `correo`) VALUES (\'1111111\', \'1111111\', \'1\', \'1\', \'1\', \'F\', \'1\', \'1\')')
 3 SYSTEMPATH\Database\BaseConnection.php(609): CodeIgniter\Database\BaseConnection->simpleQuery('INSERT INTO `facilitadores` (`id_facilitador`, `ci`, `nombres`, `paterno`, `materno`, `genero`, `celular`, `correo`) VALUES (\'1111111\', \'1111111\', \'1\', \'1\', \'1\', \'F\', \'1\', \'1\')')
 4 SYSTEMPATH\Database\BaseBuilder.php(1904): CodeIgniter\Database\BaseConnection->query('INSERT INTO `facilitadores` (`id_facilitador`, `ci`, `nombres`, `paterno`, `materno`, `genero`, `celular`, `correo`) VALUES (:id_facilitador:, :ci:, :nombres:, :paterno:, :materno:, :genero:, :celular:, :correo:)', [...], false)
 5 SYSTEMPATH\Model.php(278): CodeIgniter\Database\BaseBuilder->insert()
 6 SYSTEMPATH\BaseModel.php(738): CodeIgniter\Model->doInsert([...])
 7 SYSTEMPATH\Model.php(666): CodeIgniter\BaseModel->insert([...], true)
 8 APPPATH\Controllers\Seminarios\FacilitadoresController.php(36): CodeIgniter\Model->insert([...])
 9 SYSTEMPATH\CodeIgniter.php(896): App\Controllers\Seminarios\FacilitadoresController->create()
10 SYSTEMPATH\CodeIgniter.php(466): CodeIgniter\CodeIgniter->runController(Object(App\Controllers\Seminarios\FacilitadoresController))
11 SYSTEMPATH\CodeIgniter.php(349): CodeIgniter\CodeIgniter->handleRequest(null, Object(Config\Cache), false)
12 FCPATH\index.php(55): CodeIgniter\CodeIgniter->run()
ERROR - 2022-07-15 09:31:19 --> Duplicate entry '1' for key 'unik_correo'
CRITICAL - 2022-07-15 09:31:19 --> Duplicate entry '1' for key 'unik_correo'
in SYSTEMPATH\Database\MySQLi\Connection.php on line 292.
 1 SYSTEMPATH\Database\MySQLi\Connection.php(292): mysqli->query('INSERT INTO `facilitadores` (`ci`, `nombres`, `paterno`, `materno`, `genero`, `celular`, `correo`) VALUES (\'1111111\', \'1\', \'1\', \'1\', \'F\', \'1\', \'1\')', 0)
 2 SYSTEMPATH\Database\BaseConnection.php(695): CodeIgniter\Database\MySQLi\Connection->execute('INSERT INTO `facilitadores` (`ci`, `nombres`, `paterno`, `materno`, `genero`, `celular`, `correo`) VALUES (\'1111111\', \'1\', \'1\', \'1\', \'F\', \'1\', \'1\')')
 3 SYSTEMPATH\Database\BaseConnection.php(609): CodeIgniter\Database\BaseConnection->simpleQuery('INSERT INTO `facilitadores` (`ci`, `nombres`, `paterno`, `materno`, `genero`, `celular`, `correo`) VALUES (\'1111111\', \'1\', \'1\', \'1\', \'F\', \'1\', \'1\')')
 4 SYSTEMPATH\Database\BaseBuilder.php(1904): CodeIgniter\Database\BaseConnection->query('INSERT INTO `facilitadores` (`ci`, `nombres`, `paterno`, `materno`, `genero`, `celular`, `correo`) VALUES (:ci:, :nombres:, :paterno:, :materno:, :genero:, :celular:, :correo:)', [...], false)
 5 SYSTEMPATH\Model.php(278): CodeIgniter\Database\BaseBuilder->insert()
 6 SYSTEMPATH\BaseModel.php(738): CodeIgniter\Model->doInsert([...])
 7 SYSTEMPATH\Model.php(666): CodeIgniter\BaseModel->insert([...], true)
 8 APPPATH\Controllers\Seminarios\FacilitadoresController.php(35): CodeIgniter\Model->insert([...])
 9 SYSTEMPATH\CodeIgniter.php(896): App\Controllers\Seminarios\FacilitadoresController->create()
10 SYSTEMPATH\CodeIgniter.php(466): CodeIgniter\CodeIgniter->runController(Object(App\Controllers\Seminarios\FacilitadoresController))
11 SYSTEMPATH\CodeIgniter.php(349): CodeIgniter\CodeIgniter->handleRequest(null, Object(Config\Cache), false)
12 FCPATH\index.php(55): CodeIgniter\CodeIgniter->run()
ERROR - 2022-07-15 09:31:25 --> Duplicate entry '1' for key 'unik_correo'
CRITICAL - 2022-07-15 09:31:25 --> Duplicate entry '1' for key 'unik_correo'
in SYSTEMPATH\Database\MySQLi\Connection.php on line 292.
 1 SYSTEMPATH\Database\MySQLi\Connection.php(292): mysqli->query('INSERT INTO `facilitadores` (`ci`, `nombres`, `paterno`, `materno`, `genero`, `celular`, `correo`) VALUES (\'11111111\', \'1\', \'1\', \'1\', \'F\', \'1\', \'1\')', 0)
 2 SYSTEMPATH\Database\BaseConnection.php(695): CodeIgniter\Database\MySQLi\Connection->execute('INSERT INTO `facilitadores` (`ci`, `nombres`, `paterno`, `materno`, `genero`, `celular`, `correo`) VALUES (\'11111111\', \'1\', \'1\', \'1\', \'F\', \'1\', \'1\')')
 3 SYSTEMPATH\Database\BaseConnection.php(609): CodeIgniter\Database\BaseConnection->simpleQuery('INSERT INTO `facilitadores` (`ci`, `nombres`, `paterno`, `materno`, `genero`, `celular`, `correo`) VALUES (\'11111111\', \'1\', \'1\', \'1\', \'F\', \'1\', \'1\')')
 4 SYSTEMPATH\Database\BaseBuilder.php(1904): CodeIgniter\Database\BaseConnection->query('INSERT INTO `facilitadores` (`ci`, `nombres`, `paterno`, `materno`, `genero`, `celular`, `correo`) VALUES (:ci:, :nombres:, :paterno:, :materno:, :genero:, :celular:, :correo:)', [...], false)
 5 SYSTEMPATH\Model.php(278): CodeIgniter\Database\BaseBuilder->insert()
 6 SYSTEMPATH\BaseModel.php(738): CodeIgniter\Model->doInsert([...])
 7 SYSTEMPATH\Model.php(666): CodeIgniter\BaseModel->insert([...], true)
 8 APPPATH\Controllers\Seminarios\FacilitadoresController.php(35): CodeIgniter\Model->insert([...])
 9 SYSTEMPATH\CodeIgniter.php(896): App\Controllers\Seminarios\FacilitadoresController->create()
10 SYSTEMPATH\CodeIgniter.php(466): CodeIgniter\CodeIgniter->runController(Object(App\Controllers\Seminarios\FacilitadoresController))
11 SYSTEMPATH\CodeIgniter.php(349): CodeIgniter\CodeIgniter->handleRequest(null, Object(Config\Cache), false)
12 FCPATH\index.php(55): CodeIgniter\CodeIgniter->run()
ERROR - 2022-07-15 09:32:38 --> CONSTRAINT `ck_genero` failed for `seminarios`.`facilitadores`
CRITICAL - 2022-07-15 09:32:38 --> CONSTRAINT `ck_genero` failed for `seminarios`.`facilitadores`
in SYSTEMPATH\Database\MySQLi\Connection.php on line 292.
 1 SYSTEMPATH\Database\MySQLi\Connection.php(292): mysqli->query('INSERT INTO `facilitadores` (`ci`, `nombres`, `paterno`, `materno`, `genero`, `celular`, `correo`) VALUES (\'1\', \'1\', \'1\', \'1\', \'Seleccione...\', \'1\', \'1\')', 0)
 2 SYSTEMPATH\Database\BaseConnection.php(695): CodeIgniter\Database\MySQLi\Connection->execute('INSERT INTO `facilitadores` (`ci`, `nombres`, `paterno`, `materno`, `genero`, `celular`, `correo`) VALUES (\'1\', \'1\', \'1\', \'1\', \'Seleccione...\', \'1\', \'1\')')
 3 SYSTEMPATH\Database\BaseConnection.php(609): CodeIgniter\Database\BaseConnection->simpleQuery('INSERT INTO `facilitadores` (`ci`, `nombres`, `paterno`, `materno`, `genero`, `celular`, `correo`) VALUES (\'1\', \'1\', \'1\', \'1\', \'Seleccione...\', \'1\', \'1\')')
 4 SYSTEMPATH\Database\BaseBuilder.php(1904): CodeIgniter\Database\BaseConnection->query('INSERT INTO `facilitadores` (`ci`, `nombres`, `paterno`, `materno`, `genero`, `celular`, `correo`) VALUES (:ci:, :nombres:, :paterno:, :materno:, :genero:, :celular:, :correo:)', [...], false)
 5 SYSTEMPATH\Model.php(278): CodeIgniter\Database\BaseBuilder->insert()
 6 SYSTEMPATH\BaseModel.php(738): CodeIgniter\Model->doInsert([...])
 7 SYSTEMPATH\Model.php(666): CodeIgniter\BaseModel->insert([...], true)
 8 APPPATH\Controllers\Seminarios\FacilitadoresController.php(35): CodeIgniter\Model->insert([...])
 9 SYSTEMPATH\CodeIgniter.php(896): App\Controllers\Seminarios\FacilitadoresController->create()
10 SYSTEMPATH\CodeIgniter.php(466): CodeIgniter\CodeIgniter->runController(Object(App\Controllers\Seminarios\FacilitadoresController))
11 SYSTEMPATH\CodeIgniter.php(349): CodeIgniter\CodeIgniter->handleRequest(null, Object(Config\Cache), false)
12 FCPATH\index.php(55): CodeIgniter\CodeIgniter->run()
ERROR - 2022-07-15 09:48:20 --> CONSTRAINT `ck_genero` failed for `seminarios`.`facilitadores`
CRITICAL - 2022-07-15 09:48:20 --> CONSTRAINT `ck_genero` failed for `seminarios`.`facilitadores`
in SYSTEMPATH\Database\MySQLi\Connection.php on line 292.
 1 SYSTEMPATH\Database\MySQLi\Connection.php(292): mysqli->query('INSERT INTO `facilitadores` (`ci`, `nombres`, `paterno`, `materno`, `genero`, `celular`, `correo`) VALUES (\'5555\', \'5555\', \'\', \'\', \'Seleccione...\', \'\', \'555\')', 0)
 2 SYSTEMPATH\Database\BaseConnection.php(695): CodeIgniter\Database\MySQLi\Connection->execute('INSERT INTO `facilitadores` (`ci`, `nombres`, `paterno`, `materno`, `genero`, `celular`, `correo`) VALUES (\'5555\', \'5555\', \'\', \'\', \'Seleccione...\', \'\', \'555\')')
 3 SYSTEMPATH\Database\BaseConnection.php(609): CodeIgniter\Database\BaseConnection->simpleQuery('INSERT INTO `facilitadores` (`ci`, `nombres`, `paterno`, `materno`, `genero`, `celular`, `correo`) VALUES (\'5555\', \'5555\', \'\', \'\', \'Seleccione...\', \'\', \'555\')')
 4 SYSTEMPATH\Database\BaseBuilder.php(1904): CodeIgniter\Database\BaseConnection->query('INSERT INTO `facilitadores` (`ci`, `nombres`, `paterno`, `materno`, `genero`, `celular`, `correo`) VALUES (:ci:, :nombres:, :paterno:, :materno:, :genero:, :celular:, :correo:)', [...], false)
 5 SYSTEMPATH\Model.php(278): CodeIgniter\Database\BaseBuilder->insert()
 6 SYSTEMPATH\BaseModel.php(738): CodeIgniter\Model->doInsert([...])
 7 SYSTEMPATH\Model.php(666): CodeIgniter\BaseModel->insert([...], true)
 8 APPPATH\Controllers\Seminarios\FacilitadoresController.php(37): CodeIgniter\Model->insert([...])
 9 SYSTEMPATH\CodeIgniter.php(896): App\Controllers\Seminarios\FacilitadoresController->create()
10 SYSTEMPATH\CodeIgniter.php(466): CodeIgniter\CodeIgniter->runController(Object(App\Controllers\Seminarios\FacilitadoresController))
11 SYSTEMPATH\CodeIgniter.php(349): CodeIgniter\CodeIgniter->handleRequest(null, Object(Config\Cache), false)
12 FCPATH\index.php(55): CodeIgniter\CodeIgniter->run()
