ERROR - 2022-07-19 09:56:03 --> Table 'seminarios.cursos' doesn't exist
CRITICAL - 2022-07-19 09:56:03 --> Table 'seminarios.cursos' doesn't exist
in SYSTEMPATH\Database\MySQLi\Connection.php on line 292.
 1 SYSTEMPATH\Database\MySQLi\Connection.php(292): mysqli->query('SELECT COUNT(*) AS `numrows`
FROM `cursos`
JOIN `facilitadores` as `f` ON `f`.`id_facilitador`= `cursos`.`id_facilitador`', 0)
 2 SYSTEMPATH\Database\BaseConnection.php(695): CodeIgniter\Database\MySQLi\Connection->execute('SELECT COUNT(*) AS `numrows`
FROM `cursos`
JOIN `facilitadores` as `f` ON `f`.`id_facilitador`= `cursos`.`id_facilitador`')
 3 SYSTEMPATH\Database\BaseConnection.php(609): CodeIgniter\Database\BaseConnection->simpleQuery('SELECT COUNT(*) AS `numrows`
FROM `cursos`
JOIN `facilitadores` as `f` ON `f`.`id_facilitador`= `cursos`.`id_facilitador`')
 4 SYSTEMPATH\Database\BaseBuilder.php(1669): CodeIgniter\Database\BaseConnection->query('SELECT COUNT(*) AS `numrows`
FROM `cursos`
JOIN `facilitadores` as `f` ON `f`.`id_facilitador`= `cursos`.`id_facilitador`', [], false)
 5 SYSTEMPATH\Model.php(550): CodeIgniter\Database\BaseBuilder->countAllResults(false)
 6 SYSTEMPATH\BaseModel.php(1084): CodeIgniter\Model->countAllResults(false)
 7 APPPATH\Controllers\Seminarios\CursosController.php(23): CodeIgniter\BaseModel->paginate(5)
 8 SYSTEMPATH\CodeIgniter.php(896): App\Controllers\Seminarios\CursosController->index()
 9 SYSTEMPATH\CodeIgniter.php(466): CodeIgniter\CodeIgniter->runController(Object(App\Controllers\Seminarios\CursosController))
10 SYSTEMPATH\CodeIgniter.php(349): CodeIgniter\CodeIgniter->handleRequest(null, Object(Config\Cache), false)
11 FCPATH\index.php(55): CodeIgniter\CodeIgniter->run()
ERROR - 2022-07-19 09:57:29 --> Table 'seminarios.cursos' doesn't exist
CRITICAL - 2022-07-19 09:57:29 --> Table 'seminarios.cursos' doesn't exist
in SYSTEMPATH\Database\MySQLi\Connection.php on line 292.
 1 SYSTEMPATH\Database\MySQLi\Connection.php(292): mysqli->query('SELECT COUNT(*) AS `numrows`
FROM `cursos`
JOIN `facilitadores` as `f` ON `f`.`id_facilitador`= `cursos`.`id_facilitador`', 0)
 2 SYSTEMPATH\Database\BaseConnection.php(695): CodeIgniter\Database\MySQLi\Connection->execute('SELECT COUNT(*) AS `numrows`
FROM `cursos`
JOIN `facilitadores` as `f` ON `f`.`id_facilitador`= `cursos`.`id_facilitador`')
 3 SYSTEMPATH\Database\BaseConnection.php(609): CodeIgniter\Database\BaseConnection->simpleQuery('SELECT COUNT(*) AS `numrows`
FROM `cursos`
JOIN `facilitadores` as `f` ON `f`.`id_facilitador`= `cursos`.`id_facilitador`')
 4 SYSTEMPATH\Database\BaseBuilder.php(1669): CodeIgniter\Database\BaseConnection->query('SELECT COUNT(*) AS `numrows`
FROM `cursos`
JOIN `facilitadores` as `f` ON `f`.`id_facilitador`= `cursos`.`id_facilitador`', [], false)
 5 SYSTEMPATH\Model.php(550): CodeIgniter\Database\BaseBuilder->countAllResults(false)
 6 SYSTEMPATH\BaseModel.php(1084): CodeIgniter\Model->countAllResults(false)
 7 APPPATH\Controllers\Seminarios\CursosController.php(23): CodeIgniter\BaseModel->paginate(5)
 8 SYSTEMPATH\CodeIgniter.php(896): App\Controllers\Seminarios\CursosController->index()
 9 SYSTEMPATH\CodeIgniter.php(466): CodeIgniter\CodeIgniter->runController(Object(App\Controllers\Seminarios\CursosController))
10 SYSTEMPATH\CodeIgniter.php(349): CodeIgniter\CodeIgniter->handleRequest(null, Object(Config\Cache), false)
11 FCPATH\index.php(55): CodeIgniter\CodeIgniter->run()
ERROR - 2022-07-19 10:41:32 --> Cannot delete or update a parent row: a foreign key constraint fails (`seminarios`.`cursos`, CONSTRAINT `fk_cursos` FOREIGN KEY (`id_facilitador`) REFERENCES `facilitadores` (`id_facilitador`))
CRITICAL - 2022-07-19 10:41:32 --> Cannot delete or update a parent row: a foreign key constraint fails (`seminarios`.`cursos`, CONSTRAINT `fk_cursos` FOREIGN KEY (`id_facilitador`) REFERENCES `facilitadores` (`id_facilitador`))
in SYSTEMPATH\Database\MySQLi\Connection.php on line 292.
 1 SYSTEMPATH\Database\MySQLi\Connection.php(292): mysqli->query('DELETE FROM `facilitadores`
WHERE `id_facilitador` IN (\'1\')', 0)
 2 SYSTEMPATH\Database\BaseConnection.php(695): CodeIgniter\Database\MySQLi\Connection->execute('DELETE FROM `facilitadores`
WHERE `id_facilitador` IN (\'1\')')
 3 SYSTEMPATH\Database\BaseConnection.php(609): CodeIgniter\Database\BaseConnection->simpleQuery('DELETE FROM `facilitadores`
WHERE `id_facilitador` IN (\'1\')')
 4 SYSTEMPATH\Database\BaseBuilder.php(2358): CodeIgniter\Database\BaseConnection->query('DELETE FROM `facilitadores`
WHERE `id_facilitador` IN :id_facilitador:', [...], false)
 5 SYSTEMPATH\Model.php(400): CodeIgniter\Database\BaseBuilder->delete()
 6 SYSTEMPATH\BaseModel.php(963): CodeIgniter\Model->doDelete([...], false)
 7 APPPATH\Controllers\Seminarios\FacilitadoresController.php(122): CodeIgniter\BaseModel->delete([...])
 8 SYSTEMPATH\CodeIgniter.php(896): App\Controllers\Seminarios\FacilitadoresController->delete('1')
 9 SYSTEMPATH\CodeIgniter.php(466): CodeIgniter\CodeIgniter->runController(Object(App\Controllers\Seminarios\FacilitadoresController))
10 SYSTEMPATH\CodeIgniter.php(349): CodeIgniter\CodeIgniter->handleRequest(null, Object(Config\Cache), false)
11 FCPATH\index.php(55): CodeIgniter\CodeIgniter->run()
ERROR - 2022-07-19 10:42:32 --> Cannot delete or update a parent row: a foreign key constraint fails (`seminarios`.`cursos`, CONSTRAINT `fk_cursos` FOREIGN KEY (`id_facilitador`) REFERENCES `facilitadores` (`id_facilitador`))
CRITICAL - 2022-07-19 10:42:32 --> Cannot delete or update a parent row: a foreign key constraint fails (`seminarios`.`cursos`, CONSTRAINT `fk_cursos` FOREIGN KEY (`id_facilitador`) REFERENCES `facilitadores` (`id_facilitador`))
in SYSTEMPATH\Database\MySQLi\Connection.php on line 292.
 1 SYSTEMPATH\Database\MySQLi\Connection.php(292): mysqli->query('DELETE FROM `facilitadores`
WHERE `id_facilitador` IN (\'1\')', 0)
 2 SYSTEMPATH\Database\BaseConnection.php(695): CodeIgniter\Database\MySQLi\Connection->execute('DELETE FROM `facilitadores`
WHERE `id_facilitador` IN (\'1\')')
 3 SYSTEMPATH\Database\BaseConnection.php(609): CodeIgniter\Database\BaseConnection->simpleQuery('DELETE FROM `facilitadores`
WHERE `id_facilitador` IN (\'1\')')
 4 SYSTEMPATH\Database\BaseBuilder.php(2358): CodeIgniter\Database\BaseConnection->query('DELETE FROM `facilitadores`
WHERE `id_facilitador` IN :id_facilitador:', [...], false)
 5 SYSTEMPATH\Model.php(400): CodeIgniter\Database\BaseBuilder->delete()
 6 SYSTEMPATH\BaseModel.php(963): CodeIgniter\Model->doDelete([...], false)
 7 APPPATH\Controllers\Seminarios\FacilitadoresController.php(122): CodeIgniter\BaseModel->delete([...])
 8 SYSTEMPATH\CodeIgniter.php(896): App\Controllers\Seminarios\FacilitadoresController->delete('1')
 9 SYSTEMPATH\CodeIgniter.php(466): CodeIgniter\CodeIgniter->runController(Object(App\Controllers\Seminarios\FacilitadoresController))
10 SYSTEMPATH\CodeIgniter.php(349): CodeIgniter\CodeIgniter->handleRequest(null, Object(Config\Cache), false)
11 FCPATH\index.php(55): CodeIgniter\CodeIgniter->run()
CRITICAL - 2022-07-19 10:51:01 --> syntax error, unexpected token "if"
in APPPATH\Config\Routes.php on line 64.
 1 SYSTEMPATH\CodeIgniter.php(415): CodeIgniter\CodeIgniter->tryToRouteIt(null)
 2 SYSTEMPATH\CodeIgniter.php(349): CodeIgniter\CodeIgniter->handleRequest(null, Object(Config\Cache), false)
 3 FCPATH\index.php(55): CodeIgniter\CodeIgniter->run()
CRITICAL - 2022-07-19 10:51:03 --> syntax error, unexpected token "if"
in APPPATH\Config\Routes.php on line 64.
 1 SYSTEMPATH\CodeIgniter.php(415): CodeIgniter\CodeIgniter->tryToRouteIt(null)
 2 SYSTEMPATH\CodeIgniter.php(349): CodeIgniter\CodeIgniter->handleRequest(null, Object(Config\Cache), false)
 3 FCPATH\index.php(55): CodeIgniter\CodeIgniter->run()
CRITICAL - 2022-07-19 10:51:04 --> syntax error, unexpected token "if"
in APPPATH\Config\Routes.php on line 64.
 1 SYSTEMPATH\CodeIgniter.php(415): CodeIgniter\CodeIgniter->tryToRouteIt(null)
 2 SYSTEMPATH\CodeIgniter.php(349): CodeIgniter\CodeIgniter->handleRequest(null, Object(Config\Cache), false)
 3 FCPATH\index.php(55): CodeIgniter\CodeIgniter->run()
